#-----------------------------------------------------------
# Webtalk v2016.4 (64-bit)
# SW Build 1733598 on Wed Dec 14 22:35:42 MST 2016
# 
# Start of session at: Sun Oct  8 14:10:09 2017
# Process ID: 10323
# Current directory: /home/daniel/Schreibtisch/Git/Zybo_Linux/Vivado/Zybo/Zybo.sdk/webtalk
# Command line: wbtcv -mode batch -source sdk_webtalk.tcl
# Log file: /home/daniel/Schreibtisch/Git/Zybo_Linux/Vivado/Zybo/Zybo.sdk/webtalk/webtalk.log
# Journal file: /home/daniel/Schreibtisch/Git/Zybo_Linux/Vivado/Zybo/Zybo.sdk/webtalk/webtalk.jou
#-----------------------------------------------------------
source sdk_webtalk.tcl
# webtalk_init -webtalk_dir /home/daniel/Schreibtisch/Git/Zybo_Linux/Vivado/Zybo/Zybo.sdk/webtalk
# webtalk_register_client -client project
# webtalk_add_data -client project -key date_generated -value "2017-10-08 14:10:08" -context "software_version_and_target_device"
# webtalk_add_data -client project -key product_version -value "SDK v2016.4" -context "software_version_and_target_device"
# webtalk_add_data -client project -key build_version -value "2016.4" -context "software_version_and_target_device"
# webtalk_add_data -client project -key os_platform -value "amd64" -context "software_version_and_target_device"
# webtalk_add_data -client project -key registration_id -value "210727995_1777512417_210616669_940" -context "software_version_and_target_device"
# webtalk_add_data -client project -key tool_flow -value "SDK" -context "software_version_and_target_device"
# webtalk_add_data -client project -key beta -value "false" -context "software_version_and_target_device"
# webtalk_add_data -client project -key route_design -value "NA" -context "software_version_and_target_device"
# webtalk_add_data -client project -key target_family -value "NA" -context "software_version_and_target_device"
# webtalk_add_data -client project -key target_device -value "NA" -context "software_version_and_target_device"
# webtalk_add_data -client project -key target_package -value "NA" -context "software_version_and_target_device"
# webtalk_add_data -client project -key target_speed -value "NA" -context "software_version_and_target_device"
# webtalk_add_data -client project -key random_id -value "t074ovop4h4117spgfn4h6e4n7" -context "software_version_and_target_device"
# webtalk_add_data -client project -key project_id -value "2016.4_10" -context "software_version_and_target_device"
# webtalk_add_data -client project -key project_iteration -value "10" -context "software_version_and_target_device"
# webtalk_add_data -client project -key os_name -value "Ubuntu" -context "user_environment"
# webtalk_add_data -client project -key os_release -value "Ubuntu 14.04.5 LTS" -context "user_environment"
# webtalk_add_data -client project -key cpu_name -value "Intel(R) Core(TM) i7-4790K CPU @ 4.00GHz" -context "user_environment"
# webtalk_add_data -client project -key cpu_speed -value "3999.844 MHz" -context "user_environment"
# webtalk_add_data -client project -key total_processors -value "1" -context "user_environment"
# webtalk_add_data -client project -key system_ram -value "11,000 GB" -context "user_environment"
# webtalk_register_client -client sdk
# webtalk_add_data -client sdk -key uid -value "1507463824000" -context "sdk\\\\bsp/1507463824000"
# webtalk_add_data -client sdk -key hwid -value "1507463620000" -context "sdk\\\\bsp/1507463824000"
# webtalk_add_data -client sdk -key os -value "device_tree" -context "sdk\\\\bsp/1507463824000"
# webtalk_add_data -client sdk -key apptemplate -value "null" -context "sdk\\\\bsp/1507463824000"
# webtalk_add_data -client sdk -key RecordType -value "BSPCreation" -context "sdk\\\\bsp/1507463824000"
# webtalk_add_data -client sdk -key uid -value "1507463928000" -context "sdk\\\\bsp/1507463928000"
# webtalk_add_data -client sdk -key hwid -value "1507463620000" -context "sdk\\\\bsp/1507463928000"
# webtalk_add_data -client sdk -key os -value "standalone" -context "sdk\\\\bsp/1507463928000"
# webtalk_add_data -client sdk -key apptemplate -value "zynq_fsbl" -context "sdk\\\\bsp/1507463928000"
# webtalk_add_data -client sdk -key RecordType -value "BSPCreation" -context "sdk\\\\bsp/1507463928000"
# webtalk_add_data -client sdk -key uid -value "1507463947000" -context "sdk\\\\application/1507463947000"
# webtalk_add_data -client sdk -key hwid -value "1507463620000" -context "sdk\\\\application/1507463947000"
# webtalk_add_data -client sdk -key bspid -value "1507463928000" -context "sdk\\\\application/1507463947000"
# webtalk_add_data -client sdk -key newbsp -value "true" -context "sdk\\\\application/1507463947000"
# webtalk_add_data -client sdk -key os -value "standalone" -context "sdk\\\\application/1507463947000"
# webtalk_add_data -client sdk -key apptemplate -value "zynq_fsbl" -context "sdk\\\\application/1507463947000"
# webtalk_add_data -client sdk -key RecordType -value "APPCreation" -context "sdk\\\\application/1507463947000"
# webtalk_add_data -client sdk -key LangUsed -value "C" -context "sdk\\\\application/1507463947000"
# webtalk_add_data -client sdk -key Procused -value "ps7_cortexa9" -context "sdk\\\\application/1507463947000"
# webtalk_add_data -client sdk -key projSize -value "333.71484375" -context "sdk\\\\application/1507463947000"
# webtalk_add_data -client sdk -key uid -value "1507464515000" -context "sdk\\\\bsp/1507464515000"
# webtalk_add_data -client sdk -key hwid -value "1507463620000" -context "sdk\\\\bsp/1507464515000"
# webtalk_add_data -client sdk -key os -value "device_tree" -context "sdk\\\\bsp/1507464515000"
# webtalk_add_data -client sdk -key apptemplate -value "null" -context "sdk\\\\bsp/1507464515000"
# webtalk_add_data -client sdk -key RecordType -value "BSPCreation" -context "sdk\\\\bsp/1507464515000"
# webtalk_add_data -client sdk -key uid -value "NA" -context "sdk\\\\bsp/1507464608413"
# webtalk_add_data -client sdk -key RecordType -value "ToolUsage" -context "sdk\\\\bsp/1507464608413"
# webtalk_add_data -client sdk -key BootgenCount -value "0" -context "sdk\\\\bsp/1507464608413"
# webtalk_add_data -client sdk -key DebugCount -value "0" -context "sdk\\\\bsp/1507464608413"
# webtalk_add_data -client sdk -key PerfCount -value "0" -context "sdk\\\\bsp/1507464608413"
# webtalk_add_data -client sdk -key FlashCount -value "0" -context "sdk\\\\bsp/1507464608413"
# webtalk_add_data -client sdk -key CrossTriggCount -value "0" -context "sdk\\\\bsp/1507464608413"
# webtalk_add_data -client sdk -key QemuDebugCount -value "0" -context "sdk\\\\bsp/1507464608413"
# webtalk_transmit -clientid 2012341580 -regid "210727995_1777512417_210616669_940" -xml /home/daniel/Schreibtisch/Git/Zybo_Linux/Vivado/Zybo/Zybo.sdk/webtalk/usage_statistics_ext_sdk.xml -html /home/daniel/Schreibtisch/Git/Zybo_Linux/Vivado/Zybo/Zybo.sdk/webtalk/usage_statistics_ext_sdk.html -wdm /home/daniel/Schreibtisch/Git/Zybo_Linux/Vivado/Zybo/Zybo.sdk/webtalk/sdk_webtalk.wdm -intro "<H3>SDK Usage Report</H3><BR>"
webtalk_transmit: Time (s): cpu = 00:00:00.11 ; elapsed = 00:00:15 . Memory (MB): peak = 219.238 ; gain = 0.004 ; free physical = 4411 ; free virtual = 19728
# webtalk_terminate
INFO: [Common 17-206] Exiting Webtalk at Sun Oct  8 14:10:25 2017...
