13:49:58 INFO  : Registering command handlers for SDK TCF services
13:50:00 INFO  : Launching XSCT server: xsct -n -interactive /home/daniel/Schreibtisch/Git/Zybo_Linux/Vivado/Zybo/Zybo.sdk/temp_xsdb_launch_script.tcl
13:50:06 INFO  : XSCT server has started successfully.
13:50:06 INFO  : Successfully done setting XSCT server connection channel  
13:53:32 INFO  : Registering command handlers for SDK TCF services
13:53:32 INFO  : Launching XSCT server: xsct -n -interactive /home/daniel/Schreibtisch/Git/Zybo_Linux/Vivado/Zybo/Zybo.sdk/temp_xsdb_launch_script.tcl
13:53:33 INFO  : XSCT server has started successfully.
13:53:34 INFO  : Successfully done setting XSCT server connection channel  
13:53:34 INFO  : Successfully done setting SDK workspace  
13:53:34 INFO  : Processing command line option -hwspec /home/daniel/Schreibtisch/Git/Zybo_Linux/Vivado/Zybo/Zybo.sdk/System_wrapper.hdf.
13:54:16 INFO  : Saving repository preferences.
13:54:16 INFO  : Reading in cores from local repositories: 
		 /home/daniel/Schreibtisch/Git/Zybo_Linux/DeviceTree
13:54:16 INFO  : Cleaning BSP projects in the workspace.
13:56:02 INFO  : Registering command handlers for SDK TCF services
13:56:03 INFO  : Launching XSCT server: xsct -n -interactive /home/daniel/Schreibtisch/Git/Zybo_Linux/Vivado/Zybo/Zybo.sdk/temp_xsdb_launch_script.tcl
13:56:04 INFO  : XSCT server has started successfully.
13:56:04 INFO  : Successfully done setting XSCT server connection channel  
13:56:04 INFO  : Successfully done setting SDK workspace  
13:56:04 INFO  : Restoring local repository preferences: 
		 /home/daniel/Schreibtisch/Git/Zybo_Linux/DeviceTree
13:56:04 INFO  : Processing command line option -hwspec /home/daniel/Schreibtisch/Git/Zybo_Linux/Vivado/Zybo/Zybo.sdk/System_wrapper.hdf.
13:56:08 INFO  : Checking for hwspec changes in the project System_wrapper_hw_platform_0.
